<?xml version="1.0" encoding="UTF-8"?>
<beans xmlns="http://www.springframework.org/schema/beans" xmlns:xsi="http://www.w3.org/2001/XMLSchema-instance"
       xmlns:context="http://www.springframework.org/schema/context"
       xmlns:aop="http://www.springframework.org/schema/aop" xmlns:mvc="http://www.springframework.org/schema/mvc"
       xmlns:dubbo="http://code.alibabatech.com/schema/dubbo"
       xsi:schemaLocation="http://www.springframework.org/schema/beans http://www.springframework.org/schema/beans/spring-beans-3.2.xsd
       http://www.springframework.org/schema/context http://www.springframework.org/schema/context/spring-context-3.2.xsd
	   http://www.springframework.org/schema/aop http://www.springframework.org/schema/aop/spring-aop-3.2.xsd
       http://www.springframework.org/schema/mvc http://www.springframework.org/schema/mvc/spring-mvc-3.2.xsd
       http://code.alibabatech.com/schema/dubbo http://code.alibabatech.com/schema/dubbo/dubbo.xsd">

    <!-- 启用注解 -->
    <mvc:resources location="/" mapping="/*.html"/> 
    
    <context:annotation-config/>
    <mvc:annotation-driven>
		<mvc:message-converters>
			<ref bean="stringHttpMessageConverter" />
			<ref bean="fastJsonHttpMessageConverter" />
			<!-- <ref bean="marshallingHttpMessageConverter" /> -->
		</mvc:message-converters>
	</mvc:annotation-driven>
    <!-- 添加aop支持 -->
    <context:component-scan base-package="com.hongkun.finance.user.support.security.aop"/>

    <aop:aspectj-autoproxy proxy-target-class="true"/>

    <!-- 扫描包 -->
    <context:component-scan base-package="com.hongkun.finance.api.*">
    	<context:include-filter type="annotation" expression="org.springframework.stereotype.Controller" /> 
    </context:component-scan>

    <!-- 扫描注解包路径，多个包用逗号分隔，不填pacakge表示扫描当前ApplicationContext中所有的类 -->
    <dubbo:annotation package="com.hongkun.finance.api"/>
    <!-- applicationContext工具类 -->
    <bean id="applicationContextUtils" class="com.yirun.framework.core.utils.ApplicationContextUtils"/>

    <context:property-placeholder location="classpath*:*.properties" ignore-unresolvable="true" order="1"
                                  file-encoding="UTF-8"/>

    <bean class="org.springframework.web.servlet.mvc.annotation.AnnotationMethodHandlerAdapter">
        <description>启动Spring MVC的注解功能，完成请求和注解POJO的映射</description>
        <property name="messageConverters">
            <list>
                <bean class="org.springframework.http.converter.json.MappingJackson2HttpMessageConverter">
                    <description>避免IE执行AJAX时,返回JSON出现下载文件</description>
                    <property name="supportedMediaTypes">
                        <list>
                            <value>text/html;charset=UTF-8</value>
                        </list>
                    </property>
                </bean>
            </list>
        </property>
    </bean>
    <bean id="stringHttpMessageConverter"
		class="org.springframework.http.converter.StringHttpMessageConverter">
		<constructor-arg value="UTF-8" index="0"></constructor-arg><!--
			避免出现乱码 -->
		<property name="supportedMediaTypes">
			<list>
				<value>text/plain;charset=UTF-8</value>
			</list>
		</property>
	</bean>

	<bean id="fastJsonHttpMessageConverter"
		class="com.alibaba.fastjson.support.spring.FastJsonHttpMessageConverter">

		<property name="supportedMediaTypes">
			<list>
				<value>application/json;charset=UTF-8</value>
				<value>text/html;charset=UTF-8</value><!-- 避免IE出现下载JSON文件的情况 -->
			</list>
		</property>
<!-- 		<property name="features"> -->
<!-- 			<util:list> -->
<!-- 				<value>WriteMapNullValue</value> -->
<!-- 				<value>QuoteFieldNames</value> -->
<!-- 				<value>WriteDateUseDateFormat</value> -->
<!-- 			</util:list> -->
<!-- 		</property> -->
	</bean>


    <mvc:interceptors>
        <mvc:interceptor>
            <mvc:mapping path="/**"/>
            <mvc:exclude-mapping path="/oauth/**"/>
            <bean class="com.hongkun.finance.user.support.intercept.SessionInterceptor"/>
        </mvc:interceptor>
    </mvc:interceptors>
</beans>
